Nov. 05, 2022 4:24:12 PM LogObserver update
INFORMATION: Neue Waehrungsumrechnungen
------------------------------------------------------
Ausgangswaehrung: Euro
Ausgangsbetrag: 5,40
Zielwaehrung: US Dollar
Zielbetrag: 5,29
------------------------------------------------------
------------------------------------------------------
Ausgangswaehrung: Euro
Ausgangsbetrag: 95,00
Zielwaehrung: US Dollar
Zielbetrag: 93,04
------------------------------------------------------
------------------------------------------------------
Ausgangswaehrung: Euro
Ausgangsbetrag: 7,60
Zielwaehrung: US Dollar
Zielbetrag: 7,44
------------------------------------------------------
------------------------------------------------------
Ausgangswaehrung: Euro
Ausgangsbetrag: 5,40
Zielwaehrung: US Dollar
Zielbetrag: 5,29
------------------------------------------------------
------------------------------------------------------
Ausgangswaehrung: Euro
Ausgangsbetrag: 95,00
Zielwaehrung: US Dollar
Zielbetrag: 93,04
------------------------------------------------------
------------------------------------------------------
Ausgangswaehrung: Euro
Ausgangsbetrag: 7,60
Zielwaehrung: US Dollar
Zielbetrag: 7,44
------------------------------------------------------
------------------------------------------------------
Ausgangswaehrung: Euro
Ausgangsbetrag: 435,00
Zielwaehrung: US Dollar
Zielbetrag: 426,04
------------------------------------------------------
------------------------------------------------------
Ausgangswaehrung: Euro
Ausgangsbetrag: 95,00
Zielwaehrung: Brasilianischer Real
Zielbetrag: 471,43
------------------------------------------------------
------------------------------------------------------
Ausgangswaehrung: Euro
Ausgangsbetrag: 95,00
Zielwaehrung: Schwedische Krone
Zielbetrag: 1032,19
------------------------------------------------------
------------------------------------------------------
Ausgangswaehrung: Euro
Ausgangsbetrag: 95,00
Zielwaehrung: Schwedische Krone
Zielbetrag: 1032,19
------------------------------------------------------
------------------------------------------------------
Ausgangswaehrung: Euro
Ausgangsbetrag: 95,00
Zielwaehrung: Schwedische Krone
Zielbetrag: 1032,19
------------------------------------------------------
------------------------------------------------------
Ausgangswaehrung: Euro
Ausgangsbetrag: 95,00
Zielwaehrung: Schwedische Krone
Zielbetrag: 1032,19
------------------------------------------------------
------------------------------------------------------
Ausgangswaehrung: Euro
Ausgangsbetrag: 95,00
Zielwaehrung: Schwedische Krone
Zielbetrag: 4750,00
------------------------------------------------------

Nov. 05, 2022 4:24:12 PM LogObserver update
INFORMATION: Neue Waehrungsumrechnungen
------------------------------------------------------
Ausgangswaehrung: Euro
Ausgangsbetrag: 5,40
Zielwaehrung: US Dollar
Zielbetrag: 5,29
------------------------------------------------------
------------------------------------------------------
Ausgangswaehrung: Euro
Ausgangsbetrag: 95,00
Zielwaehrung: US Dollar
Zielbetrag: 93,04
------------------------------------------------------
------------------------------------------------------
Ausgangswaehrung: Euro
Ausgangsbetrag: 7,60
Zielwaehrung: US Dollar
Zielbetrag: 7,44
------------------------------------------------------
------------------------------------------------------
Ausgangswaehrung: Euro
Ausgangsbetrag: 5,40
Zielwaehrung: US Dollar
Zielbetrag: 5,29
------------------------------------------------------
------------------------------------------------------
Ausgangswaehrung: Euro
Ausgangsbetrag: 95,00
Zielwaehrung: US Dollar
Zielbetrag: 93,04
------------------------------------------------------
------------------------------------------------------
Ausgangswaehrung: Euro
Ausgangsbetrag: 7,60
Zielwaehrung: US Dollar
Zielbetrag: 7,44
------------------------------------------------------
------------------------------------------------------
Ausgangswaehrung: Euro
Ausgangsbetrag: 435,00
Zielwaehrung: US Dollar
Zielbetrag: 426,04
------------------------------------------------------
------------------------------------------------------
Ausgangswaehrung: Euro
Ausgangsbetrag: 95,00
Zielwaehrung: Brasilianischer Real
Zielbetrag: 471,43
------------------------------------------------------
------------------------------------------------------
Ausgangswaehrung: Euro
Ausgangsbetrag: 95,00
Zielwaehrung: Schwedische Krone
Zielbetrag: 1032,19
------------------------------------------------------
------------------------------------------------------
Ausgangswaehrung: Euro
Ausgangsbetrag: 95,00
Zielwaehrung: Schwedische Krone
Zielbetrag: 1032,19
------------------------------------------------------
------------------------------------------------------
Ausgangswaehrung: Euro
Ausgangsbetrag: 95,00
Zielwaehrung: Schwedische Krone
Zielbetrag: 1032,19
------------------------------------------------------
------------------------------------------------------
Ausgangswaehrung: Euro
Ausgangsbetrag: 95,00
Zielwaehrung: Schwedische Krone
Zielbetrag: 1032,19
------------------------------------------------------
------------------------------------------------------
Ausgangswaehrung: Euro
Ausgangsbetrag: 95,00
Zielwaehrung: Schwedische Krone
Zielbetrag: 4750,00
------------------------------------------------------
------------------------------------------------------
Ausgangswaehrung: Euro
Ausgangsbetrag: 732,00
Zielwaehrung: Schwedische Krone
Zielbetrag: 36600,00
------------------------------------------------------

