Nov. 06, 2022 10:44:14 AM LogObserver update
INFORMATION: Neue Waehrungsumrechnungen
------------------------------------------------------
Ausgangswaehrung: Euro
Ausgangsbetrag: 5,40
Umrechnungsfaktor: 0.9794
Zielwaehrung: US Dollar
Zielbetrag: 5,29
------------------------------------------------------
Ausgangswaehrung: Euro
Ausgangsbetrag: 95,00
Umrechnungsfaktor: 0.9794
Zielwaehrung: US Dollar
Zielbetrag: 93,04
------------------------------------------------------
Ausgangswaehrung: Euro
Ausgangsbetrag: 7,60
Umrechnungsfaktor: 0.9794
Zielwaehrung: US Dollar
Zielbetrag: 7,44
------------------------------------------------------
Ausgangswaehrung: Euro
Ausgangsbetrag: 5,40
Umrechnungsfaktor: 0.9794
Zielwaehrung: US Dollar
Zielbetrag: 5,29
------------------------------------------------------
Ausgangswaehrung: Euro
Ausgangsbetrag: 95,00
Umrechnungsfaktor: 0.9794
Zielwaehrung: US Dollar
Zielbetrag: 93,04
------------------------------------------------------
Ausgangswaehrung: Euro
Ausgangsbetrag: 7,60
Umrechnungsfaktor: 0.9794
Zielwaehrung: US Dollar
Zielbetrag: 7,44
------------------------------------------------------
Ausgangswaehrung: Euro
Ausgangsbetrag: 435,00
Umrechnungsfaktor: 0.9794
Zielwaehrung: US Dollar
Zielbetrag: 426,04
------------------------------------------------------
Ausgangswaehrung: Euro
Ausgangsbetrag: 95,00
Umrechnungsfaktor: 4.9624
Zielwaehrung: Brasilianischer Real
Zielbetrag: 471,43
------------------------------------------------------
Ausgangswaehrung: Euro
Ausgangsbetrag: 95,00
Umrechnungsfaktor: 10.8652
Zielwaehrung: Schwedische Krone
Zielbetrag: 1032,19
------------------------------------------------------
Ausgangswaehrung: Euro
Ausgangsbetrag: 95,00
Umrechnungsfaktor: 10.8652
Zielwaehrung: Schwedische Krone
Zielbetrag: 1032,19
------------------------------------------------------
Ausgangswaehrung: Euro
Ausgangsbetrag: 95,00
Umrechnungsfaktor: 10.8652
Zielwaehrung: Schwedische Krone
Zielbetrag: 1032,19
------------------------------------------------------
Ausgangswaehrung: Euro
Ausgangsbetrag: 95,00
Umrechnungsfaktor: 10.8652
Zielwaehrung: Schwedische Krone
Zielbetrag: 1032,19
------------------------------------------------------
Ausgangswaehrung: Euro
Ausgangsbetrag: 95,00
Umrechnungsfaktor: 50.0
Zielwaehrung: Schwedische Krone
Zielbetrag: 4750,00
------------------------------------------------------

Nov. 06, 2022 10:44:14 AM LogObserver update
INFORMATION: Neue Waehrungsumrechnungen
------------------------------------------------------
Ausgangswaehrung: Euro
Ausgangsbetrag: 732,00
Umrechnungsfaktor: 50.0
Zielwaehrung: Schwedische Krone
Zielbetrag: 36600,00
------------------------------------------------------

Nov. 06, 2022 10:44:14 AM LogObserver update
INFORMATION: Neue Waehrungsumrechnungen
------------------------------------------------------
Ausgangswaehrung: Euro
Ausgangsbetrag: 13,50
Umrechnungsfaktor: 144.906
Zielwaehrung: Japanischer Yen
Zielbetrag: 1956,23
------------------------------------------------------

