Nov. 05, 2022 4:21:41 PM LogObserver update
INFORMATION: Neue Waehrungsumrechnungen
------------------------------------------------------
Ausgangswaehrung: Euro
Ausgangsbetrag: 435,00
Zielwaehrung: US Dollar
Zielbetrag: 426,04
------------------------------------------------------

Nov. 05, 2022 4:21:41 PM LogObserver update
INFORMATION: Neue Waehrungsumrechnungen
------------------------------------------------------
Ausgangswaehrung: Euro
Ausgangsbetrag: 435,00
Zielwaehrung: US Dollar
Zielbetrag: 426,04
------------------------------------------------------
------------------------------------------------------
Ausgangswaehrung: Euro
Ausgangsbetrag: 732,00
Zielwaehrung: Schwedische Krone
Zielbetrag: 7953,33
------------------------------------------------------

